Using pre-set license
Built from '2020.3/staging' branch; Version is '2020.3.40f1 (ba48d4efcef1) revision 12208340'; Using compiler version '192528614'; Build Type 'Release'
OS: 'Windows 11  (10.0.22000) 64bit Professional' Language: 'en' Physical Memory: 16243 MB
BatchMode: 1, IsHumanControllingUs: 0, StartBugReporterOnCrash: 0, Is64bit: 1, IsPro: 0

COMMAND LINE ARGUMENTS:
D:\App\UnityEditor\2020.3.40f1\Editor\Unity.exe
-adb2
-batchMode
-noUpm
-name
AssetImportWorker0
-projectPath
D:/Projects/Graduation-Project
-logFile
Logs/AssetImportWorker0.log
-srvPort
49822
Successfully changed project path to: D:/Projects/Graduation-Project
D:/Projects/Graduation-Project
Using Asset Import Pipeline V2.
Refreshing native plugins compatible for Editor in 33.09 ms, found 2 plugins.
Preloading 0 native plugins for Editor in 0.00 ms.
Initialize engine version: 2020.3.40f1 (ba48d4efcef1)
[Subsystems] Discovering subsystems at path D:/App/UnityEditor/2020.3.40f1/Editor/Data/Resources/UnitySubsystems
[Subsystems] Discovering subsystems at path D:/Projects/Graduation-Project/Assets
GfxDevice: creating device client; threaded=0
Direct3D:
    Version:  Direct3D 11.0 [level 11.1]
    Renderer: NVIDIA GeForce GTX 1650 (ID=0x2188)
    Vendor:   
    VRAM:     3962 MB
    Driver:   27.21.14.6140
Initialize mono
Mono path[0] = 'D:/App/UnityEditor/2020.3.40f1/Editor/Data/Managed'
Mono path[1] = 'D:/App/UnityEditor/2020.3.40f1/Editor/Data/MonoBleedingEdge/lib/mono/unityjit'
Mono config path = 'D:/App/UnityEditor/2020.3.40f1/Editor/Data/MonoBleedingEdge/etc'
Using monoOptions --debugger-agent=transport=dt_socket,embedding=1,server=y,suspend=n,address=127.0.0.1:56368
Begin MonoManager ReloadAssembly
Registering precompiled unity dll's ...
Register platform support module: D:/App/UnityEditor/2020.3.40f1/Editor/Data/PlaybackEngines/WindowsStandaloneSupport/UnityEditor.WindowsStandalone.Extensions.dll
Registered in 0.000511 seconds.
Native extension for WindowsStandalone target not found
Refreshing native plugins compatible for Editor in 27.12 ms, found 2 plugins.
Preloading 0 native plugins for Editor in 0.00 ms.
Mono: successfully reloaded assembly
- Completed reload, in  0.349 seconds
Domain Reload Profiling:
	ReloadAssembly (349ms)
		BeginReloadAssembly (35ms)
			ExecutionOrderSort (0ms)
			DisableScriptedObjects (0ms)
			BackupInstance (0ms)
			ReleaseScriptingObjects (0ms)
			CreateAndSetChildDomain (1ms)
		EndReloadAssembly (273ms)
			LoadAssemblies (35ms)
			RebuildTransferFunctionScriptingTraits (0ms)
			SetupTypeCache (83ms)
			ReleaseScriptCaches (0ms)
			RebuildScriptCaches (21ms)
			SetupLoadedEditorAssemblies (109ms)
				LogAssemblyErrors (0ms)
				InitializePlatformSupportModulesInManaged (3ms)
				SetLoadedEditorAssemblies (0ms)
				RefreshPlugins (27ms)
				BeforeProcessingInitializeOnLoad (9ms)
				ProcessInitializeOnLoadAttributes (52ms)
				ProcessInitializeOnLoadMethodAttributes (18ms)
				AfterProcessingInitializeOnLoad (0ms)
				EditorAssembliesLoaded (0ms)
			ExecutionOrderSort2 (0ms)
			AwakeInstancesAfterBackupRestoration (0ms)
Platform modules already initialized, skipping
Registering precompiled user dll's ...
Registered in 0.002496 seconds.
Begin MonoManager ReloadAssembly
Native extension for WindowsStandalone target not found
Refreshing native plugins compatible for Editor in 0.32 ms, found 2 plugins.
Preloading 0 native plugins for Editor in 0.00 ms.
Mirror | mirror-networking.com | discord.gg/N9QVxbM
UnityEngine.StackTraceUtility:ExtractStackTrace ()
UnityEngine.DebugLogHandler:LogFormat (UnityEngine.LogType,UnityEngine.Object,string,object[])
UnityEngine.Logger:Log (UnityEngine.LogType,object)
UnityEngine.Debug:Log (object)
Mirror.Welcome:OnInitializeOnLoad () (at Assets/Mirror/Editor/Welcome.cs:18)
System.Reflection.MonoMethod:Invoke (object,System.Reflection.BindingFlags,System.Reflection.Binder,object[],System.Globalization.CultureInfo)
System.Reflection.MethodBase:Invoke (object,object[])
UnityEditor.EditorAssemblies:ProcessInitializeOnLoadMethodAttributes ()

(Filename: Assets/Mirror/Editor/Welcome.cs Line: 18)

Mono: successfully reloaded assembly
- Completed reload, in  0.652 seconds
Domain Reload Profiling:
	ReloadAssembly (653ms)
		BeginReloadAssembly (90ms)
			ExecutionOrderSort (0ms)
			DisableScriptedObjects (3ms)
			BackupInstance (0ms)
			ReleaseScriptingObjects (0ms)
			CreateAndSetChildDomain (13ms)
		EndReloadAssembly (528ms)
			LoadAssemblies (59ms)
			RebuildTransferFunctionScriptingTraits (0ms)
			SetupTypeCache (165ms)
			ReleaseScriptCaches (0ms)
			RebuildScriptCaches (37ms)
			SetupLoadedEditorAssemblies (221ms)
				LogAssemblyErrors (0ms)
				InitializePlatformSupportModulesInManaged (3ms)
				SetLoadedEditorAssemblies (0ms)
				RefreshPlugins (0ms)
				BeforeProcessingInitializeOnLoad (55ms)
				ProcessInitializeOnLoadAttributes (146ms)
				ProcessInitializeOnLoadMethodAttributes (15ms)
				AfterProcessingInitializeOnLoad (1ms)
				EditorAssembliesLoaded (0ms)
			ExecutionOrderSort2 (0ms)
			AwakeInstancesAfterBackupRestoration (1ms)
Platform modules already initialized, skipping
========================================================================
Worker process is ready to serve import requests
Launched and connected shader compiler UnityShaderCompiler.exe after 0.02 seconds
Refreshing native plugins compatible for Editor in 0.33 ms, found 2 plugins.
Preloading 0 native plugins for Editor in 0.00 ms.
Unloading 2119 Unused Serialized files (Serialized files now loaded: 0)
System memory in use before: 89.6 MB.
System memory in use after: 89.7 MB.

Unloading 30 unused Assets to reduce memory usage. Loaded Objects now: 2552.
Total: 2.047800 ms (FindLiveObjects: 0.105500 ms CreateObjectMapping: 0.032700 ms MarkObjects: 1.841100 ms  DeleteObjects: 0.067700 ms)

AssetImportParameters requested are different than current active one (requested -> active):
  custom:framework-win-MediaFoundation: 216162199b28c13a410421893ffa2e32 -> 
  custom:video-decoder-ogg-theora: a1e56fd34408186e4bbccfd4996cb3dc -> 
  custom:container-muxer-webm: aa71ff27fc2769a1b78a27578f13a17b -> 
  custom:container-demuxer-webm: 4f35f7cbe854078d1ac9338744f61a02 -> 
  custom:container-demuxer-ogg: 62fdf1f143b41e24485cea50d1cbac27 -> 
  custom:video-encoder-webm-vp8: eb34c28f22e8b96e1ab97ce403110664 -> 
  custom:video-decoder-webm-vp8: 9c59270c3fd7afecdb556c50c9e8de78 -> 
  custom:audio-decoder-ogg-vorbis: bf7c407c2cedff20999df2af8eb42d56 -> 
  custom:audio-encoder-webm-vorbis: bf7c407c2cedff20999df2af8eb42d56 -> 
========================================================================
Received Import Request.
  path: Packages/com.unity.package-manager-ui/package.json
  artifactKey: Guid(6d6f82a762acb4417b895d3babc790f9) Importer(815301076,1909f56bfc062723c751e8b465ee728b)
Start importing Packages/com.unity.package-manager-ui/package.json using Guid(6d6f82a762acb4417b895d3babc790f9) Importer(815301076,1909f56bfc062723c751e8b465ee728b)  -> (artifact id: 'dad26820e7c4a3ec2ab43c184abf0262') in 0.022327 seconds 
========================================================================
Received Import Request.
  Time since last request: 9.097411 seconds.
  path: Packages/com.unity.ide.rider/package.json
  artifactKey: Guid(66c95bb3c74257f41bae2622511dc02d) Importer(815301076,1909f56bfc062723c751e8b465ee728b)
Start importing Packages/com.unity.ide.rider/package.json using Guid(66c95bb3c74257f41bae2622511dc02d) Importer(815301076,1909f56bfc062723c751e8b465ee728b)  -> (artifact id: '050b6ceafdfe00bc1e37ba9cd210adc6') in 0.004814 seconds 
========================================================================
Received Import Request.
  Time since last request: 81.727668 seconds.
  path: Packages/com.unity.services.core/package.json
  artifactKey: Guid(182c5bcc97fc21747a9ca5e01da1ed3f) Importer(815301076,1909f56bfc062723c751e8b465ee728b)
Start importing Packages/com.unity.services.core/package.json using Guid(182c5bcc97fc21747a9ca5e01da1ed3f) Importer(815301076,1909f56bfc062723c751e8b465ee728b)  -> (artifact id: '25b8084c496b82982a982aa19ee0d890') in 0.006410 seconds 
========================================================================
Received Import Request.
  Time since last request: 0.808092 seconds.
  path: Packages/com.unity.cinemachine/package.json
  artifactKey: Guid(7d93e7b7399fbe64790358e67fc94b18) Importer(815301076,1909f56bfc062723c751e8b465ee728b)
Start importing Packages/com.unity.cinemachine/package.json using Guid(7d93e7b7399fbe64790358e67fc94b18) Importer(815301076,1909f56bfc062723c751e8b465ee728b)  -> (artifact id: 'b7439f03595d954ae8ead4778964831a') in 0.001937 seconds 
========================================================================
Received Import Request.
  Time since last request: 0.475151 seconds.
  path: Packages/com.unity.standardevents/package.json
  artifactKey: Guid(84aec3c9054b3402293139f2c0bc1029) Importer(815301076,1909f56bfc062723c751e8b465ee728b)
Start importing Packages/com.unity.standardevents/package.json using Guid(84aec3c9054b3402293139f2c0bc1029) Importer(815301076,1909f56bfc062723c751e8b465ee728b)  -> (artifact id: '346fe7399e8e67fb4a61cb45089e6233') in 0.001558 seconds 
========================================================================
Received Import Request.
  Time since last request: 0.409099 seconds.
  path: Packages/com.unity.analytics/package.json
  artifactKey: Guid(510d1d319d2754ea4a47c6dd8c421ea0) Importer(815301076,1909f56bfc062723c751e8b465ee728b)
Start importing Packages/com.unity.analytics/package.json using Guid(510d1d319d2754ea4a47c6dd8c421ea0) Importer(815301076,1909f56bfc062723c751e8b465ee728b)  -> (artifact id: '21a8bd7b82dddda6354263ebc19bac50') in 0.001894 seconds 
========================================================================
Received Prepare
Registering precompiled user dll's ...
Registered in 0.002533 seconds.
Begin MonoManager ReloadAssembly
Native extension for WindowsStandalone target not found
Refreshing native plugins compatible for Editor in 0.56 ms, found 2 plugins.
Preloading 0 native plugins for Editor in 0.00 ms.
Mono: successfully reloaded assembly
- Completed reload, in  0.716 seconds
Domain Reload Profiling:
	ReloadAssembly (716ms)
		BeginReloadAssembly (75ms)
			ExecutionOrderSort (0ms)
			DisableScriptedObjects (3ms)
			BackupInstance (0ms)
			ReleaseScriptingObjects (0ms)
			CreateAndSetChildDomain (25ms)
		EndReloadAssembly (604ms)
			LoadAssemblies (61ms)
			RebuildTransferFunctionScriptingTraits (0ms)
			SetupTypeCache (182ms)
			ReleaseScriptCaches (1ms)
			RebuildScriptCaches (37ms)
			SetupLoadedEditorAssemblies (250ms)
				LogAssemblyErrors (0ms)
				InitializePlatformSupportModulesInManaged (5ms)
				SetLoadedEditorAssemblies (1ms)
				RefreshPlugins (1ms)
				BeforeProcessingInitializeOnLoad (59ms)
				ProcessInitializeOnLoadAttributes (159ms)
				ProcessInitializeOnLoadMethodAttributes (24ms)
				AfterProcessingInitializeOnLoad (2ms)
				EditorAssembliesLoaded (0ms)
			ExecutionOrderSort2 (0ms)
			AwakeInstancesAfterBackupRestoration (2ms)
Platform modules already initialized, skipping
Refreshing native plugins compatible for Editor in 0.34 ms, found 2 plugins.
Preloading 0 native plugins for Editor in 0.00 ms.
Unloading 2050 Unused Serialized files (Serialized files now loaded: 0)
System memory in use before: 88.1 MB.
System memory in use after: 88.2 MB.

Unloading 25 unused Assets to reduce memory usage. Loaded Objects now: 2556.
Total: 2.222300 ms (FindLiveObjects: 0.098800 ms CreateObjectMapping: 0.033800 ms MarkObjects: 2.026400 ms  DeleteObjects: 0.062200 ms)

AssetImportParameters requested are different than current active one (requested -> active):
  custom:framework-win-MediaFoundation: 216162199b28c13a410421893ffa2e32 -> 
  custom:video-decoder-ogg-theora: a1e56fd34408186e4bbccfd4996cb3dc -> 
  custom:container-muxer-webm: aa71ff27fc2769a1b78a27578f13a17b -> 
  custom:container-demuxer-webm: 4f35f7cbe854078d1ac9338744f61a02 -> 
  custom:container-demuxer-ogg: 62fdf1f143b41e24485cea50d1cbac27 -> 
  custom:video-encoder-webm-vp8: eb34c28f22e8b96e1ab97ce403110664 -> 
  custom:video-decoder-webm-vp8: 9c59270c3fd7afecdb556c50c9e8de78 -> 
  custom:audio-decoder-ogg-vorbis: bf7c407c2cedff20999df2af8eb42d56 -> 
  custom:audio-encoder-webm-vorbis: bf7c407c2cedff20999df2af8eb42d56 -> 
========================================================================
Received Import Request.
  Time since last request: 63.503391 seconds.
  path: Assets/Arena Battle Starter Kit/Fonts/GROBOLD SDF.asset
  artifactKey: Guid(e33cc48057f6c46c4b59643997df3259) Importer(815301076,1909f56bfc062723c751e8b465ee728b)
Start importing Assets/Arena Battle Starter Kit/Fonts/GROBOLD SDF.asset using Guid(e33cc48057f6c46c4b59643997df3259) Importer(815301076,1909f56bfc062723c751e8b465ee728b) Upgrading font asset [GROBOLD SDF] to version 1.1.0.
UnityEngine.StackTraceUtility:ExtractStackTrace ()
UnityEngine.DebugLogHandler:LogFormat (UnityEngine.LogType,UnityEngine.Object,string,object[])
UnityEngine.Logger:Log (UnityEngine.LogType,object,UnityEngine.Object)
UnityEngine.Debug:Log (object,UnityEngine.Object)
TMPro.TMP_FontAsset:UpgradeFontAsset () (at Library/PackageCache/com.unity.textmeshpro@3.0.6/Scripts/Runtime/TMP_FontAsset.cs:2865)
TMPro.TMP_FontAsset:ReadFontAssetDefinition () (at Library/PackageCache/com.unity.textmeshpro@3.0.6/Scripts/Runtime/TMP_FontAsset.cs:569)
TMPro.TMP_FontAsset:OnValidate () (at Library/PackageCache/com.unity.textmeshpro@3.0.6/Scripts/Runtime/TMP_FontAsset.cs:555)

(Filename: Library/PackageCache/com.unity.textmeshpro@3.0.6/Scripts/Runtime/TMP_FontAsset.cs Line: 2865)

 -> (artifact id: '5b672b594535927d52ed6eddd403f922') in 0.092845 seconds 
========================================================================
Received Import Request.
  Time since last request: 0.000128 seconds.
  path: Assets/Arena Battle Starter Kit/Fonts/GROBOLD.ttf
  artifactKey: Guid(ee39a523cd29b4081883dd16750ed6a6) Importer(815301076,1909f56bfc062723c751e8b465ee728b)
Start importing Assets/Arena Battle Starter Kit/Fonts/GROBOLD.ttf using Guid(ee39a523cd29b4081883dd16750ed6a6) Importer(815301076,1909f56bfc062723c751e8b465ee728b)  -> (artifact id: 'c9f5703c79c1ff73bc93a03fe72e7894') in 0.021185 seconds 
========================================================================
Received Import Request.
  Time since last request: 0.443906 seconds.
  path: Assets/Arena Battle Starter Kit/Materials/AttackRangeMaterial.mat
  artifactKey: Guid(d7c6fce1602ae41fc91c0b0258b45ca2) Importer(815301076,1909f56bfc062723c751e8b465ee728b)
Start importing Assets/Arena Battle Starter Kit/Materials/AttackRangeMaterial.mat using Guid(d7c6fce1602ae41fc91c0b0258b45ca2) Importer(815301076,1909f56bfc062723c751e8b465ee728b)  -> (artifact id: '7741f0a5cc67dc34351917fa4eba7664') in 0.011393 seconds 
========================================================================
Received Import Request.
  Time since last request: 0.000129 seconds.
  path: Assets/Arena Battle Starter Kit/Materials/UnitItemMaterial.mat
  artifactKey: Guid(16170da040a4f49f78c42078ebd1c282) Importer(815301076,1909f56bfc062723c751e8b465ee728b)
Start importing Assets/Arena Battle Starter Kit/Materials/UnitItemMaterial.mat using Guid(16170da040a4f49f78c42078ebd1c282) Importer(815301076,1909f56bfc062723c751e8b465ee728b)  -> (artifact id: '9d357599d8a87686678b8546310e57ec') in 0.026136 seconds 
========================================================================
Received Import Request.
  Time since last request: 0.000122 seconds.
  path: Assets/Arena Battle Starter Kit/Materials/BloodParticleMaterial.mat
  artifactKey: Guid(dadc00878a37748b2895f0def0d10fd4) Importer(815301076,1909f56bfc062723c751e8b465ee728b)
Start importing Assets/Arena Battle Starter Kit/Materials/BloodParticleMaterial.mat using Guid(dadc00878a37748b2895f0def0d10fd4) Importer(815301076,1909f56bfc062723c751e8b465ee728b)  -> (artifact id: '182ce2c81d2be1dbb6a66334d49549d6') in 0.025520 seconds 
========================================================================
Received Import Request.
  Time since last request: 0.000116 seconds.
  path: Assets/Arena Battle Starter Kit/Materials/GroundMaterial.mat
  artifactKey: Guid(909cc5cce27584354975e43b17383530) Importer(815301076,1909f56bfc062723c751e8b465ee728b)
Start importing Assets/Arena Battle Starter Kit/Materials/GroundMaterial.mat using Guid(909cc5cce27584354975e43b17383530) Importer(815301076,1909f56bfc062723c751e8b465ee728b)  -> (artifact id: '646f95de57c37e1b177d913372278aa1') in 0.023862 seconds 
========================================================================
Received Import Request.
  Time since last request: 0.000141 seconds.
  path: Assets/Arena Battle Starter Kit/Materials/StarParticleMaterial.mat
  artifactKey: Guid(2c91f4c4097854102a88437d6b403ecd) Importer(815301076,1909f56bfc062723c751e8b465ee728b)
Start importing Assets/Arena Battle Starter Kit/Materials/StarParticleMaterial.mat using Guid(2c91f4c4097854102a88437d6b403ecd) Importer(815301076,1909f56bfc062723c751e8b465ee728b)  -> (artifact id: 'a0e2aa7c5166375bb2c3e04e95d65eeb') in 0.009201 seconds 
========================================================================
Received Import Request.
  Time since last request: 0.000131 seconds.
  path: Assets/Arena Battle Starter Kit/Materials/GrassMaterial.mat
  artifactKey: Guid(69cf6429457f84503812e9683b77804f) Importer(815301076,1909f56bfc062723c751e8b465ee728b)
Start importing Assets/Arena Battle Starter Kit/Materials/GrassMaterial.mat using Guid(69cf6429457f84503812e9683b77804f) Importer(815301076,1909f56bfc062723c751e8b465ee728b)  -> (artifact id: 'f27b9ba3d8005a7ccb9a6b588a2d7963') in 0.101407 seconds 
========================================================================
Received Import Request.
  Time since last request: 0.000132 seconds.
  path: Assets/Arena Battle Starter Kit/Materials/BubbleParticleMaterial.mat
  artifactKey: Guid(1b3d7d4f64d02463aae1f870d2d33dec) Importer(815301076,1909f56bfc062723c751e8b465ee728b)
Start importing Assets/Arena Battle Starter Kit/Materials/BubbleParticleMaterial.mat using Guid(1b3d7d4f64d02463aae1f870d2d33dec) Importer(815301076,1909f56bfc062723c751e8b465ee728b)  -> (artifact id: '6b65269aace56def2419612f55344635') in 0.009719 seconds 
========================================================================
Received Import Request.
  Time since last request: 0.000129 seconds.
  path: Assets/Arena Battle Starter Kit/Materials/CircleParticleMaterial.mat
  artifactKey: Guid(48aa2498d32794e38aed58804e6e0656) Importer(815301076,1909f56bfc062723c751e8b465ee728b)
Start importing Assets/Arena Battle Starter Kit/Materials/CircleParticleMaterial.mat using Guid(48aa2498d32794e38aed58804e6e0656) Importer(815301076,1909f56bfc062723c751e8b465ee728b)  -> (artifact id: 'e65a6e0e6e0ad8153ddc7b3438764154') in 0.008600 seconds 
========================================================================
Received Import Request.
  Time since last request: 0.000129 seconds.
  path: Assets/Arena Battle Starter Kit/Materials/WallMaterial.mat
  artifactKey: Guid(f4df1fe114ae44fccbb46337b7a7af80) Importer(815301076,1909f56bfc062723c751e8b465ee728b)
Start importing Assets/Arena Battle Starter Kit/Materials/WallMaterial.mat using Guid(f4df1fe114ae44fccbb46337b7a7af80) Importer(815301076,1909f56bfc062723c751e8b465ee728b)  -> (artifact id: '8c6ff780acf644fb3955006707b0181b') in 0.008104 seconds 
========================================================================
Received Import Request.
  Time since last request: 0.000193 seconds.
  path: Assets/Arena Battle Starter Kit/Materials/BoundaryMaterial.mat
  artifactKey: Guid(be0962241a98d41569877ec01bd48122) Importer(815301076,1909f56bfc062723c751e8b465ee728b)
Start importing Assets/Arena Battle Starter Kit/Materials/BoundaryMaterial.mat using Guid(be0962241a98d41569877ec01bd48122) Importer(815301076,1909f56bfc062723c751e8b465ee728b)  -> (artifact id: '3e4021d04e5174d4788c503f2be51bf1') in 0.023048 seconds 
========================================================================
Received Import Request.
  Time since last request: 2.619992 seconds.
  path: Assets/Arena Battle Starter Kit/Prefabs/Scene
  artifactKey: Guid(0bd691142f7744df8b5c7c380967d325) Importer(815301076,1909f56bfc062723c751e8b465ee728b)
Start importing Assets/Arena Battle Starter Kit/Prefabs/Scene using Guid(0bd691142f7744df8b5c7c380967d325) Importer(815301076,1909f56bfc062723c751e8b465ee728b)  -> (artifact id: '0ff2c208516b3b9847ae806d5a0ddbbe') in 0.004577 seconds 
========================================================================
Received Import Request.
  Time since last request: 2.366797 seconds.
  path: Assets/Arena Battle Starter Kit/Prefabs/Scene/UnitItem/UnitItemBase_Hallo.prefab
  artifactKey: Guid(cd29bfc793d8948d19d5001b9c1b637f) Importer(815301076,1909f56bfc062723c751e8b465ee728b)
Start importing Assets/Arena Battle Starter Kit/Prefabs/Scene/UnitItem/UnitItemBase_Hallo.prefab using Guid(cd29bfc793d8948d19d5001b9c1b637f) Importer(815301076,1909f56bfc062723c751e8b465ee728b) Upgrading font asset [GROBOLD SDF] to version 1.1.0.
UnityEngine.StackTraceUtility:ExtractStackTrace ()
UnityEngine.DebugLogHandler:LogFormat (UnityEngine.LogType,UnityEngine.Object,string,object[])
UnityEngine.Logger:Log (UnityEngine.LogType,object,UnityEngine.Object)
UnityEngine.Debug:Log (object,UnityEngine.Object)
TMPro.TMP_FontAsset:UpgradeFontAsset () (at Library/PackageCache/com.unity.textmeshpro@3.0.6/Scripts/Runtime/TMP_FontAsset.cs:2865)
TMPro.TMP_FontAsset:ReadFontAssetDefinition () (at Library/PackageCache/com.unity.textmeshpro@3.0.6/Scripts/Runtime/TMP_FontAsset.cs:569)
TMPro.TMP_FontAsset:OnValidate () (at Library/PackageCache/com.unity.textmeshpro@3.0.6/Scripts/Runtime/TMP_FontAsset.cs:555)

(Filename: Library/PackageCache/com.unity.textmeshpro@3.0.6/Scripts/Runtime/TMP_FontAsset.cs Line: 2865)

 -> (artifact id: 'b41968c6fd3ac6691ce70a46ed5209d6') in 0.064931 seconds 
========================================================================
Received Import Request.
  Time since last request: 0.000123 seconds.
  path: Assets/Arena Battle Starter Kit/Prefabs/Scene/UnitItem/UnitItemBase_NewUnit.prefab
  artifactKey: Guid(6a0b1c4bd1e864738ab61ad5f7bd26c5) Importer(815301076,1909f56bfc062723c751e8b465ee728b)
Start importing Assets/Arena Battle Starter Kit/Prefabs/Scene/UnitItem/UnitItemBase_NewUnit.prefab using Guid(6a0b1c4bd1e864738ab61ad5f7bd26c5) Importer(815301076,1909f56bfc062723c751e8b465ee728b) Upgrading font asset [GROBOLD SDF] to version 1.1.0.
UnityEngine.StackTraceUtility:ExtractStackTrace ()
UnityEngine.DebugLogHandler:LogFormat (UnityEngine.LogType,UnityEngine.Object,string,object[])
UnityEngine.Logger:Log (UnityEngine.LogType,object,UnityEngine.Object)
UnityEngine.Debug:Log (object,UnityEngine.Object)
TMPro.TMP_FontAsset:UpgradeFontAsset () (at Library/PackageCache/com.unity.textmeshpro@3.0.6/Scripts/Runtime/TMP_FontAsset.cs:2865)
TMPro.TMP_FontAsset:ReadFontAssetDefinition () (at Library/PackageCache/com.unity.textmeshpro@3.0.6/Scripts/Runtime/TMP_FontAsset.cs:569)
TMPro.TMP_FontAsset:OnValidate () (at Library/PackageCache/com.unity.textmeshpro@3.0.6/Scripts/Runtime/TMP_FontAsset.cs:555)

(Filename: Library/PackageCache/com.unity.textmeshpro@3.0.6/Scripts/Runtime/TMP_FontAsset.cs Line: 2865)

 -> (artifact id: '8c5b2686955c5f37b968879531711df5') in 0.031035 seconds 
========================================================================
Received Import Request.
  Time since last request: 0.000126 seconds.
  path: Assets/Arena Battle Starter Kit/Prefabs/Scene/UnitItem/UnitItemBase_Marko.prefab
  artifactKey: Guid(07b52c6ab062540b2ad4327ee8c378f4) Importer(815301076,1909f56bfc062723c751e8b465ee728b)
Start importing Assets/Arena Battle Starter Kit/Prefabs/Scene/UnitItem/UnitItemBase_Marko.prefab using Guid(07b52c6ab062540b2ad4327ee8c378f4) Importer(815301076,1909f56bfc062723c751e8b465ee728b) Upgrading font asset [GROBOLD SDF] to version 1.1.0.
UnityEngine.StackTraceUtility:ExtractStackTrace ()
UnityEngine.DebugLogHandler:LogFormat (UnityEngine.LogType,UnityEngine.Object,string,object[])
UnityEngine.Logger:Log (UnityEngine.LogType,object,UnityEngine.Object)
UnityEngine.Debug:Log (object,UnityEngine.Object)
TMPro.TMP_FontAsset:UpgradeFontAsset () (at Library/PackageCache/com.unity.textmeshpro@3.0.6/Scripts/Runtime/TMP_FontAsset.cs:2865)
TMPro.TMP_FontAsset:ReadFontAssetDefinition () (at Library/PackageCache/com.unity.textmeshpro@3.0.6/Scripts/Runtime/TMP_FontAsset.cs:569)
TMPro.TMP_FontAsset:OnValidate () (at Library/PackageCache/com.unity.textmeshpro@3.0.6/Scripts/Runtime/TMP_FontAsset.cs:555)

(Filename: Library/PackageCache/com.unity.textmeshpro@3.0.6/Scripts/Runtime/TMP_FontAsset.cs Line: 2865)

 -> (artifact id: '38b3921fb66ea0203ddef6f9b67ce534') in 0.020576 seconds 
========================================================================
Received Import Request.
  Time since last request: 0.000126 seconds.
  path: Assets/Arena Battle Starter Kit/Prefabs/Scene/UnitItem/UnitItemBase_Lara.prefab
  artifactKey: Guid(34674c86e95e44828a5976661264858e) Importer(815301076,1909f56bfc062723c751e8b465ee728b)
Start importing Assets/Arena Battle Starter Kit/Prefabs/Scene/UnitItem/UnitItemBase_Lara.prefab using Guid(34674c86e95e44828a5976661264858e) Importer(815301076,1909f56bfc062723c751e8b465ee728b) Upgrading font asset [GROBOLD SDF] to version 1.1.0.
UnityEngine.StackTraceUtility:ExtractStackTrace ()
UnityEngine.DebugLogHandler:LogFormat (UnityEngine.LogType,UnityEngine.Object,string,object[])
UnityEngine.Logger:Log (UnityEngine.LogType,object,UnityEngine.Object)
UnityEngine.Debug:Log (object,UnityEngine.Object)
TMPro.TMP_FontAsset:UpgradeFontAsset () (at Library/PackageCache/com.unity.textmeshpro@3.0.6/Scripts/Runtime/TMP_FontAsset.cs:2865)
TMPro.TMP_FontAsset:ReadFontAssetDefinition () (at Library/PackageCache/com.unity.textmeshpro@3.0.6/Scripts/Runtime/TMP_FontAsset.cs:569)
TMPro.TMP_FontAsset:OnValidate () (at Library/PackageCache/com.unity.textmeshpro@3.0.6/Scripts/Runtime/TMP_FontAsset.cs:555)

(Filename: Library/PackageCache/com.unity.textmeshpro@3.0.6/Scripts/Runtime/TMP_FontAsset.cs Line: 2865)

 -> (artifact id: '6ce2ab861558680d9a0a4302d4c564a5') in 0.024410 seconds 
========================================================================
Received Import Request.
  Time since last request: 2.126262 seconds.
  path: Assets/Arena Battle Starter Kit/Prefabs/Scene/UnitItem/_Bullets/Bullet.prefab
  artifactKey: Guid(595acd98dabac4b9c824656f86aec724) Importer(815301076,1909f56bfc062723c751e8b465ee728b)
Start importing Assets/Arena Battle Starter Kit/Prefabs/Scene/UnitItem/_Bullets/Bullet.prefab using Guid(595acd98dabac4b9c824656f86aec724) Importer(815301076,1909f56bfc062723c751e8b465ee728b)  -> (artifact id: 'f96f5bf8dfa44eb86d9ccfa188114f38') in 0.005489 seconds 
========================================================================
Received Import Request.
  Time since last request: 9.139031 seconds.
  path: Assets/Arena Battle Starter Kit/Scripts/Scene
  artifactKey: Guid(71389eb4f81e5415f86131aec6b18640) Importer(815301076,1909f56bfc062723c751e8b465ee728b)
Start importing Assets/Arena Battle Starter Kit/Scripts/Scene using Guid(71389eb4f81e5415f86131aec6b18640) Importer(815301076,1909f56bfc062723c751e8b465ee728b)  -> (artifact id: '395179d43cfcb7eb598cea3dd028d54e') in 0.001537 seconds 
AssetImportWorkerClient::OnTransportError - code=2 error=End of file
